<?xml version="1.0" encoding="UTF-8"?>
<testsuite xmlns:xsi="http://www.w3.org/2001/XMLSchema-instance" xsi:noNamespaceSchemaLocation="https://maven.apache.org/surefire/maven-surefire-plugin/xsd/surefire-test-report.xsd" version="3.0.2" name="com.portfolio.my_portfolio_backend.MyPortfolioBackendApplicationTests" time="6.677" tests="1" errors="0" skipped="0" failures="0" flakes="0">
  <properties>
[...]
</properties>
  <testcase name="contextLoads" classname="com.portfolio.my_portfolio_backend.MyPortfolioBackendApplicationTests" time="0.992">
    <system-out><![CDATA[14:14:07.885 [main] INFO org.springframework.test.context.support.AnnotationConfigContextLoaderUtils -- Could not detect default configuration classes for test class [com.portfolio.my_portfolio_backend.MyPortfolioBackendApplicationTests]: MyPortfolioBackendApplicationTests does not declare any static, non-private, non-final, nested classes annotated with @Configuration.
14:14:08.083 [main] INFO org.springframework.boot.test.context.SpringBootTestContextBootstrapper -- Found @SpringBootConfiguration com.portfolio.my_portfolio_backend.MyPortfolioBackendApplication for test class com.portfolio.my_portfolio_backend.MyPortfolioBackendApplicationTests
14:14:08.369 [main] INFO org.springframework.boot.devtools.restart.RestartApplicationListener -- Restart disabled due to context in which it is running

  .   ____          _            __ _ _
 /\\ / ___'_ __ _ _(_)_ __  __ _ \ \ \ \
( ( )\___ | '_ | '_| | '_ \/ _` | \ \ \ \
 \\/  ___)| |_)| | | | | || (_| |  ) ) ) )
  '  |____| .__|_| |_|_| |_\__, | / / / /
 =========|_|==============|___/=/_/_/_/

 :: Spring Boot ::               (v3.5.16)

2026-08-22T14:14:08.775-05:00  INFO 28912 --- [portfolio] [           main] c.p.m.MyPortfolioBackendApplicationTests : Starting MyPortfolioBackendApplicationTests using Java 21.0.12.1 with PID 28912 (started by deivi in C:\Users\deivi\OneDrive\Documents\MEGA\Cursos\Spring Boot\my-portfolio-backend)
2026-08-22T14:14:08.777-05:00  INFO 28912 --- [portfolio] [           main] c.p.m.MyPortfolioBackendApplicationTests : No active profile set, falling back to 1 default profile: "default"
2026-08-22T14:14:09.743-05:00  INFO 28912 --- [portfolio] [           main] .s.d.r.c.RepositoryConfigurationDelegate : Bootstrapping Spring Data JDBC repositories in DEFAULT mode.
2026-08-22T14:14:09.778-05:00  INFO 28912 --- [portfolio] [           main] .s.d.r.c.RepositoryConfigurationDelegate : Finished Spring Data repository scanning in 24 ms. Found 0 JDBC repository interfaces.
2026-08-22T14:14:11.225-05:00  INFO 28912 --- [portfolio] [           main] com.zaxxer.hikari.HikariDataSource       : HikariPool-1 - Starting...
2026-08-22T14:14:13.075-05:00  INFO 28912 --- [portfolio] [           main] com.zaxxer.hikari.pool.HikariPool        : HikariPool-1 - Added connection org.postgresql.jdbc.PgConnection@53feeac9
2026-08-22T14:14:13.078-05:00  INFO 28912 --- [portfolio] [           main] com.zaxxer.hikari.HikariDataSource       : HikariPool-1 - Start completed.
2026-08-22T14:14:13.336-05:00  INFO 28912 --- [portfolio] [           main] c.p.m.MyPortfolioBackendApplicationTests : Started MyPortfolioBackendApplicationTests in 4.989 seconds (process running for 6.429)
]]></system-out>
    <system-err><![CDATA[Mockito is currently self-attaching to enable the inline-mock-maker. This will no longer work in future releases of the JDK. Please add Mockito as an agent to your build as described in Mockito's documentation: https://javadoc.io/doc/org.mockito/mockito-core/latest/org.mockito/org/mockito/Mockito.html#0.3
WARNING: A Java agent has been loaded dynamically (C:\Users\deivi\.m2\repository\net\bytebuddy\byte-buddy-agent\1.17.8\byte-buddy-agent-1.17.8.jar)
WARNING: If a serviceability tool is in use, please run with -XX:+EnableDynamicAgentLoading to hide this warning
WARNING: If a serviceability tool is not in use, please run with -Djdk.instrument.traceUsage for more information
WARNING: Dynamic loading of agents will be disallowed by default in a future release
]]></system-err>
  </testcase>
</testsuite>